2025-03-01 17:56:38,403 , INFO , Starting API...
2025-03-01 17:56:43,334 , INFO , {'url': '/', 'method': 'GET', 'date': '01/03/2025 17:56:43', 'duration': 0.002437591552734375}
2025-03-01 17:56:43,495 , INFO , {'url': '/favicon.ico', 'method': 'GET', 'date': '01/03/2025 17:56:43', 'duration': 0.0005667209625244141}
2025-03-01 17:56:50,737 , INFO , {'url': '/docs', 'method': 'GET', 'date': '01/03/2025 17:56:50', 'duration': 0.0004100799560546875}
2025-03-01 17:56:51,057 , INFO , {'url': '/openapi.json', 'method': 'GET', 'date': '01/03/2025 17:56:51', 'duration': 0.0161588191986084}
2025-03-01 17:57:21,598 , INFO , {'url': '/home', 'method': 'GET', 'date': '01/03/2025 17:57:21', 'duration': 0.0005538463592529297}
2025-03-01 17:57:48,274 , INFO , {'url': '/auth/create_user', 'method': 'POST', 'date': '01/03/2025 17:57:48', 'duration': 0.6501469612121582}
2025-03-01 18:01:17,970 , INFO , {'url': '/auth/token', 'method': 'POST', 'date': '01/03/2025 18:01:17', 'duration': 0.3268451690673828}
2025-03-01 18:04:53,552 , INFO , Starting API...
2025-03-01 18:05:45,572 , INFO , Starting API...
2025-03-01 18:08:25,138 , INFO , Starting API...
2025-03-01 18:08:37,025 , INFO , {'url': '/auth/token', 'method': 'POST', 'date': '01/03/2025 18:08:37', 'duration': 0.32082033157348633}
2025-03-01 18:08:37,029 , INFO , {'url': '/home', 'method': 'GET', 'date': '01/03/2025 18:08:37', 'duration': 0.0005426406860351562}
2025-03-01 18:08:37,033 , INFO , {'url': '/', 'method': 'GET', 'date': '01/03/2025 18:08:37', 'duration': 0.001184701919555664}
2025-03-01 18:09:57,674 , INFO , Starting API...
2025-03-01 18:10:03,947 , INFO , {'url': '/auth/token', 'method': 'POST', 'date': '01/03/2025 18:10:03', 'duration': 0.3280525207519531}
2025-03-01 18:10:03,951 , INFO , {'url': '/home', 'method': 'GET', 'date': '01/03/2025 18:10:03', 'duration': 0.0003559589385986328}
2025-03-01 18:10:03,954 , INFO , {'url': '/', 'method': 'GET', 'date': '01/03/2025 18:10:03', 'duration': 0.0010979175567626953}
2025-03-01 18:11:39,118 , INFO , Starting API...
2025-03-01 18:11:51,144 , INFO , {'url': '/auth/token', 'method': 'POST', 'date': '01/03/2025 18:11:51', 'duration': 0.324948787689209}
2025-03-01 18:11:51,148 , INFO , {'url': '/home', 'method': 'GET', 'date': '01/03/2025 18:11:51', 'duration': 0.0004143714904785156}
2025-03-01 18:11:51,151 , INFO , {'url': '/', 'method': 'GET', 'date': '01/03/2025 18:11:51', 'duration': 0.001066446304321289}
2025-03-01 18:13:05,281 , INFO , {'url': '/auth/token', 'method': 'POST', 'date': '01/03/2025 18:13:05', 'duration': 0.29417896270751953}
2025-03-01 18:13:05,284 , INFO , {'url': '/home', 'method': 'GET', 'date': '01/03/2025 18:13:05', 'duration': 0.0003323554992675781}
2025-03-01 18:13:05,288 , INFO , {'url': '/', 'method': 'GET', 'date': '01/03/2025 18:13:05', 'duration': 0.001081228256225586}
2025-03-01 18:13:28,262 , INFO , Starting API...
2025-03-01 18:13:40,216 , INFO , {'url': '/auth/token', 'method': 'POST', 'date': '01/03/2025 18:13:40', 'duration': 0.33057403564453125}
2025-03-01 18:13:40,219 , INFO , {'url': '/home', 'method': 'GET', 'date': '01/03/2025 18:13:40', 'duration': 0.0003695487976074219}
2025-03-01 18:13:40,224 , INFO , {'url': '/', 'method': 'GET', 'date': '01/03/2025 18:13:40', 'duration': 0.0016782283782958984}
